<?xml version="1.0" encoding="UTF-8"?>
<!-- Generated by org.testng.reporters.JUnitXMLReporter -->
<testsuite ignored="0" hostname="sanjuprasad" failures="0" tests="5" name="Test" time="223.64" errors="0" timestamp="2022-01-14T22:26:21 SGT">
  <testcase classname="testcases.VerifyLogin" name="runLogin" time="14.344"/>
  <testcase classname="testcases.CreateIncidentTC" name="runCreateIncident" time="26.678"/>
  <testcase classname="testcases.DeleteIncidentTC" name="runDeleteIncident" time="35.579"/>
  <testcase classname="testcases.UpdateIncidentTC" name="runUpdateIncident" time="31.739"/>
  <testcase classname="testcases.AssignIncidentTC" name="runAssignIncident" time="33.015"/>
</testsuite> <!-- Test -->
